2023-03-26 01:09:25.196  INFO 35592 --- [http-nio-8081-exec-3] o.springdoc.api.AbstractOpenApiResource  : Init duration for springdoc-openapi is: 4082 ms
2023-03-26 02:28:27.775  INFO 35592 --- [SpringApplicationShutdownHook] j.LocalContainerEntityManagerFactoryBean : Closing JPA EntityManagerFactory for persistence unit 'default'
2023-03-26 02:28:27.818  INFO 35592 --- [SpringApplicationShutdownHook] com.zaxxer.hikari.HikariDataSource       : HikariPool-1 - Shutdown initiated...
2023-03-26 02:28:27.930  INFO 35592 --- [SpringApplicationShutdownHook] com.zaxxer.hikari.HikariDataSource       : HikariPool-1 - Shutdown completed.
2023-03-26 12:50:28.236  INFO 66984 --- [main] t.w.c.CocoMarketplaceApplication         : Starting CocoMarketplaceApplication using Java 19.0.1 on LAPTOP-GNGG9OFG with PID 66984 (C:\Users\fnmoh\Desktop\lastintegSpring\MarketPlace-Backend\target\classes started by fnmoh in C:\Users\fnmoh\Desktop\lastintegSpring\MarketPlace-Backend)
2023-03-26 12:50:28.241  INFO 66984 --- [main] t.w.c.CocoMarketplaceApplication         : No active profile set, falling back to 1 default profile: "default"
2023-03-26 12:50:31.338  INFO 66984 --- [main] .s.d.r.c.RepositoryConfigurationDelegate : Bootstrapping Spring Data JPA repositories in DEFAULT mode.
2023-03-26 12:50:31.517  INFO 66984 --- [main] .s.d.r.c.RepositoryConfigurationDelegate : Finished Spring Data repository scanning in 170 ms. Found 25 JPA repository interfaces.
2023-03-26 12:50:32.422  INFO 66984 --- [main] o.s.b.w.embedded.tomcat.TomcatWebServer  : Tomcat initialized with port(s): 8081 (http)
2023-03-26 12:50:32.433  INFO 66984 --- [main] o.apache.catalina.core.StandardService   : Starting service [Tomcat]
2023-03-26 12:50:32.434  INFO 66984 --- [main] org.apache.catalina.core.StandardEngine  : Starting Servlet engine: [Apache Tomcat/9.0.69]
2023-03-26 12:50:32.612  INFO 66984 --- [main] o.a.c.c.C.[Tomcat].[localhost].[/]       : Initializing Spring embedded WebApplicationContext
2023-03-26 12:50:32.613  INFO 66984 --- [main] w.s.c.ServletWebServerApplicationContext : Root WebApplicationContext: initialization completed in 4300 ms
2023-03-26 12:50:32.763  INFO 66984 --- [main] com.zaxxer.hikari.HikariDataSource       : HikariPool-1 - Starting...
2023-03-26 12:50:33.002  INFO 66984 --- [main] com.zaxxer.hikari.HikariDataSource       : HikariPool-1 - Start completed.
2023-03-26 12:50:35.542  INFO 66984 --- [main] o.hibernate.jpa.internal.util.LogHelper  : HHH000204: Processing PersistenceUnitInfo [name: default]
2023-03-26 12:50:35.665  INFO 66984 --- [main] org.hibernate.Version                    : HHH000412: Hibernate ORM core version 5.6.14.Final
2023-03-26 12:50:35.944  INFO 66984 --- [main] o.hibernate.annotations.common.Version   : HCANN000001: Hibernate Commons Annotations {5.1.2.Final}
2023-03-26 12:50:36.157  INFO 66984 --- [main] org.hibernate.dialect.Dialect            : HHH000400: Using dialect: org.hibernate.dialect.MySQL5Dialect
2023-03-26 12:50:40.869  INFO 66984 --- [main] o.h.e.t.j.p.i.JtaPlatformInitiator       : HHH000490: Using JtaPlatform implementation: [org.hibernate.engine.transaction.jta.platform.internal.NoJtaPlatform]
2023-03-26 12:50:40.880  INFO 66984 --- [main] j.LocalContainerEntityManagerFactoryBean : Initialized JPA EntityManagerFactory for persistence unit 'default'
2023-03-26 12:50:42.228  WARN 66984 --- [main] JpaBaseConfiguration$JpaWebConfiguration : spring.jpa.open-in-view is enabled by default. Therefore, database queries may be performed during view rendering. Explicitly configure spring.jpa.open-in-view to disable this warning
2023-03-26 12:50:42.991  INFO 66984 --- [main] o.s.s.web.DefaultSecurityFilterChain     : Will secure any request with [org.springframework.security.web.session.DisableEncodeUrlFilter@17287458, org.springframework.security.web.session.ForceEagerSessionCreationFilter@7296675e, org.springframework.security.web.session.ForceEagerSessionCreationFilter@3a02172a, org.springframework.security.web.context.request.async.WebAsyncManagerIntegrationFilter@6cd31e5f, org.springframework.security.web.context.SecurityContextPersistenceFilter@452d4bb2, org.springframework.security.web.header.HeaderWriterFilter@6efd83ac, org.springframework.web.filter.CorsFilter@57be0d93, org.springframework.security.web.authentication.logout.LogoutFilter@2ca8bd50, tn.workbot.coco_marketplace.configuration.JwtRequestFilter@1b641c97, org.springframework.security.web.session.ConcurrentSessionFilter@1469015e, org.springframework.security.web.savedrequest.RequestCacheAwareFilter@62857555, org.springframework.security.web.servletapi.SecurityContextHolderAwareRequestFilter@4271960c, org.springframework.security.web.authentication.AnonymousAuthenticationFilter@3e02988, org.springframework.security.web.session.SessionManagementFilter@643bef2a, org.springframework.security.web.access.ExceptionTranslationFilter@2d33aa31, org.springframework.security.web.access.intercept.FilterSecurityInterceptor@78854721]
2023-03-26 12:50:44.956  INFO 66984 --- [main] o.s.b.w.embedded.tomcat.TomcatWebServer  : Tomcat started on port(s): 8081 (http) with context path ''
2023-03-26 12:50:44.969  INFO 66984 --- [main] s.a.ScheduledAnnotationBeanPostProcessor : No TaskScheduler/ScheduledExecutorService bean found for scheduled processing
2023-03-26 12:50:44.983  INFO 66984 --- [main] t.w.c.CocoMarketplaceApplication         : Started CocoMarketplaceApplication in 18.379 seconds (JVM running for 24.534)
2023-03-26 12:51:12.555  INFO 66984 --- [http-nio-8081-exec-1] o.a.c.c.C.[Tomcat].[localhost].[/]       : Initializing Spring DispatcherServlet 'dispatcherServlet'
2023-03-26 12:51:12.556  INFO 66984 --- [http-nio-8081-exec-1] o.s.web.servlet.DispatcherServlet        : Initializing Servlet 'dispatcherServlet'
2023-03-26 12:51:12.558  INFO 66984 --- [http-nio-8081-exec-1] o.s.web.servlet.DispatcherServlet        : Completed initialization in 2 ms
2023-03-26 12:51:14.238  INFO 66984 --- [http-nio-8081-exec-8] o.springdoc.api.AbstractOpenApiResource  : Init duration for springdoc-openapi is: 1046 ms
2023-03-26 13:30:52.412  INFO 66984 --- [SpringApplicationShutdownHook] j.LocalContainerEntityManagerFactoryBean : Closing JPA EntityManagerFactory for persistence unit 'default'
2023-03-26 13:30:52.533  INFO 66984 --- [SpringApplicationShutdownHook] com.zaxxer.hikari.HikariDataSource       : HikariPool-1 - Shutdown initiated...
2023-03-26 13:30:52.559  INFO 66984 --- [SpringApplicationShutdownHook] com.zaxxer.hikari.HikariDataSource       : HikariPool-1 - Shutdown completed.
2023-03-26 13:31:04.166  INFO 53460 --- [main] t.w.c.CocoMarketplaceApplication         : Starting CocoMarketplaceApplication using Java 19.0.1 on LAPTOP-GNGG9OFG with PID 53460 (C:\Users\fnmoh\Desktop\lastintegSpring\MarketPlace-Backend\target\classes started by fnmoh in C:\Users\fnmoh\Desktop\lastintegSpring\MarketPlace-Backend)
2023-03-26 13:31:04.169  INFO 53460 --- [main] t.w.c.CocoMarketplaceApplication         : No active profile set, falling back to 1 default profile: "default"
2023-03-26 13:31:05.355  INFO 53460 --- [main] .s.d.r.c.RepositoryConfigurationDelegate : Bootstrapping Spring Data JPA repositories in DEFAULT mode.
2023-03-26 13:31:05.514  INFO 53460 --- [main] .s.d.r.c.RepositoryConfigurationDelegate : Finished Spring Data repository scanning in 151 ms. Found 25 JPA repository interfaces.
2023-03-26 13:31:06.464  INFO 53460 --- [main] o.s.b.w.embedded.tomcat.TomcatWebServer  : Tomcat initialized with port(s): 8081 (http)
2023-03-26 13:31:06.476  INFO 53460 --- [main] o.apache.catalina.core.StandardService   : Starting service [Tomcat]
2023-03-26 13:31:06.477  INFO 53460 --- [main] org.apache.catalina.core.StandardEngine  : Starting Servlet engine: [Apache Tomcat/9.0.69]
2023-03-26 13:31:06.654  INFO 53460 --- [main] o.a.c.c.C.[Tomcat].[localhost].[/]       : Initializing Spring embedded WebApplicationContext
2023-03-26 13:31:06.655  INFO 53460 --- [main] w.s.c.ServletWebServerApplicationContext : Root WebApplicationContext: initialization completed in 2422 ms
2023-03-26 13:31:06.798  INFO 53460 --- [main] com.zaxxer.hikari.HikariDataSource       : HikariPool-1 - Starting...
2023-03-26 13:31:07.037  INFO 53460 --- [main] com.zaxxer.hikari.HikariDataSource       : HikariPool-1 - Start completed.
2023-03-26 13:31:07.196  INFO 53460 --- [main] o.hibernate.jpa.internal.util.LogHelper  : HHH000204: Processing PersistenceUnitInfo [name: default]
2023-03-26 13:31:07.268  INFO 53460 --- [main] org.hibernate.Version                    : HHH000412: Hibernate ORM core version 5.6.14.Final
2023-03-26 13:31:07.490  INFO 53460 --- [main] o.hibernate.annotations.common.Version   : HCANN000001: Hibernate Commons Annotations {5.1.2.Final}
2023-03-26 13:31:07.633  INFO 53460 --- [main] org.hibernate.dialect.Dialect            : HHH000400: Using dialect: org.hibernate.dialect.MySQL5Dialect
2023-03-26 13:31:09.965  INFO 53460 --- [main] o.h.e.t.j.p.i.JtaPlatformInitiator       : HHH000490: Using JtaPlatform implementation: [org.hibernate.engine.transaction.jta.platform.internal.NoJtaPlatform]
2023-03-26 13:31:09.975  INFO 53460 --- [main] j.LocalContainerEntityManagerFactoryBean : Initialized JPA EntityManagerFactory for persistence unit 'default'
2023-03-26 13:31:11.153  WARN 53460 --- [main] JpaBaseConfiguration$JpaWebConfiguration : spring.jpa.open-in-view is enabled by default. Therefore, database queries may be performed during view rendering. Explicitly configure spring.jpa.open-in-view to disable this warning
2023-03-26 13:31:11.823  INFO 53460 --- [main] o.s.s.web.DefaultSecurityFilterChain     : Will secure any request with [org.springframework.security.web.session.DisableEncodeUrlFilter@505e483f, org.springframework.security.web.session.ForceEagerSessionCreationFilter@f81bd2c, org.springframework.security.web.session.ForceEagerSessionCreationFilter@17da6e45, org.springframework.security.web.context.request.async.WebAsyncManagerIntegrationFilter@2fedfff1, org.springframework.security.web.context.SecurityContextPersistenceFilter@6af10aa7, org.springframework.security.web.header.HeaderWriterFilter@51c660c8, org.springframework.web.filter.CorsFilter@34db5935, org.springframework.security.web.authentication.logout.LogoutFilter@7356ec91, tn.workbot.coco_marketplace.configuration.JwtRequestFilter@113a89c5, org.springframework.security.web.session.ConcurrentSessionFilter@7011eee0, org.springframework.security.web.savedrequest.RequestCacheAwareFilter@1d0fae45, org.springframework.security.web.servletapi.SecurityContextHolderAwareRequestFilter@583b177a, org.springframework.security.web.authentication.AnonymousAuthenticationFilter@1666e021, org.springframework.security.web.session.SessionManagementFilter@269a37bc, org.springframework.security.web.access.ExceptionTranslationFilter@10fa270e, org.springframework.security.web.access.intercept.FilterSecurityInterceptor@7d45e754]
2023-03-26 13:31:12.885  INFO 53460 --- [main] o.s.b.w.embedded.tomcat.TomcatWebServer  : Tomcat started on port(s): 8081 (http) with context path ''
2023-03-26 13:31:12.893  INFO 53460 --- [main] s.a.ScheduledAnnotationBeanPostProcessor : No TaskScheduler/ScheduledExecutorService bean found for scheduled processing
2023-03-26 13:31:12.902  INFO 53460 --- [main] t.w.c.CocoMarketplaceApplication         : Started CocoMarketplaceApplication in 9.16 seconds (JVM running for 11.605)
2023-03-26 13:31:42.395  INFO 53460 --- [http-nio-8081-exec-1] o.a.c.c.C.[Tomcat].[localhost].[/]       : Initializing Spring DispatcherServlet 'dispatcherServlet'
2023-03-26 13:31:42.396  INFO 53460 --- [http-nio-8081-exec-1] o.s.web.servlet.DispatcherServlet        : Initializing Servlet 'dispatcherServlet'
2023-03-26 13:31:42.408  INFO 53460 --- [http-nio-8081-exec-1] o.s.web.servlet.DispatcherServlet        : Completed initialization in 12 ms
2023-03-26 13:31:44.097  INFO 53460 --- [http-nio-8081-exec-9] o.springdoc.api.AbstractOpenApiResource  : Init duration for springdoc-openapi is: 974 ms
